2021-07-21 11:34:00:340 [32minfo[39m: [32mServer is running on port 4000[39m
2021-07-21 11:34:00:340 [32minfo[39m: [32mMongoose server listening[39m
2021-07-21 11:34:28 [32minfo[39m: [32mServer is running on port 4000[39m
2021-07-21 11:34:28 [32minfo[39m: [32mMongoose server listening[39m
2021-07-21 11:57:42 [32minfo[39m: [32mServer is running on port 4000[39m
2021-07-21 11:58:32 [32minfo[39m: [32mServer is running on port 4000[39m
2021-07-21 11:59:01 [32minfo[39m: [32mMongoose connection is disconnected.[39m
2021-07-21 11:59:01 [31merror[39m: [31mCan not Connect MongooseServerSelectionError: connect ECONNREFUSED 127.0.0.1:2727[39m
2021-07-21 11:59:01 [33mwarn[39m: [33mconnection error[39m
2021-07-21 11:59:16 [32minfo[39m: [32mServer is running on port 4000[39m
2021-07-21 11:59:21 [32minfo[39m: [32mMongoose server listening[39m
2021-07-21 11:59:27 [35mhttp[39m: [35mPOST /api/auth/login 200 11 - 64.881 ms[39m
[35m[39m
2021-07-21 11:59:57 [32minfo[39m: [32mMongoose connection is disconnected.[39m
2021-07-21 12:00:16 [32minfo[39m: [32mServer is running on port 4000[39m
2021-07-21 12:00:20 [32minfo[39m: [32mServer is running on port 4000[39m
2021-07-21 12:00:49 [32minfo[39m: [32mServer is running on port 4000[39m
2021-07-21 12:00:52 [32minfo[39m: [32mServer is running on port 4000[39m
2021-07-21 12:01:22 [32minfo[39m: [32mMongoose connection is disconnected.[39m
2021-07-21 12:01:22 [31merror[39m: [31mCan not Connect MongooseServerSelectionError: connect ECONNREFUSED 127.0.0.1:2727[39m
2021-07-21 12:01:22 [33mwarn[39m: [33mconnection error[39m
2021-07-21 12:01:35 [32minfo[39m: [32mServer is running on port 4000[39m
2021-07-21 12:02:05 [32minfo[39m: [32mMongoose connection is disconnected.[39m
2021-07-21 12:02:05 [31merror[39m: [31mCan not Connect MongooseServerSelectionError: connect ECONNREFUSED 127.0.0.1:2727[39m
2021-07-21 12:02:05 [33mwarn[39m: [33mconnection error[39m
2021-07-21 12:02:15 [31merror[39m: [31mRejection  MongooseError: Operation `usermetas.findOne()` buffering timed out after 10000ms[39m
2021-07-21 12:03:14 [32minfo[39m: [32mServer is running on port 4000[39m
2021-07-21 12:03:17 [32minfo[39m: [32mServer is running on port 4000[39m
2021-07-21 12:04:04 [34minfo[39m: [34mServer is running on port 4000[39m
2021-07-21 12:04:19 [37minfo[39m: [37mServer is running on port 4000[39m
2021-07-21 12:04:46 [34minfo[39m: [34mServer is running on port 4000[39m
2021-07-21 12:05:15 [34minfo[39m: [34mMongoose connection is disconnected.[39m
2021-07-21 12:05:15 [31merror[39m: [31mCan not Connect MongooseServerSelectionError: connect ECONNREFUSED 127.0.0.1:2727[39m
2021-07-21 12:05:15 [33mwarn[39m: [33mconnection error[39m
2021-07-21 12:05:35 [36minfo[39m: [36mServer is running on port 4000[39m
2021-07-21 12:05:46 [34minfo[39m: [34mServer is running on port 4000[39m
2021-07-21 12:06:16 [34minfo[39m: [34mMongoose connection is disconnected.[39m
2021-07-21 12:06:16 [31merror[39m: [31mCan not Connect MongooseServerSelectionError: connect ECONNREFUSED 127.0.0.1:2727[39m
2021-07-21 12:06:16 [33mwarn[39m: [33mconnection error[39m
2021-07-21 12:11:08 [34minfo[39m: [34mServer is running on port 4000[39m
2021-07-21 12:11:11 [34minfo[39m: [34mServer is running on port 4000[39m
2021-07-21 12:11:15 [34minfo[39m: [34mServer is running on port 4000[39m
2021-07-21 12:11:23 [35minfo[39m: [35mServer is running on port 4000[39m
2021-07-21 12:11:32 [34minfo[39m: [34mServer is running on port 4000[39m
2021-07-21 12:11:47 [34minfo[39m: [34mServer is running on port 4000[39m
2021-07-21 12:12:17 [34minfo[39m: [34mMongoose connection is disconnected.[39m
2021-07-21 12:12:17 [31merror[39m: [31mCan not Connect MongooseServerSelectionError: connect ECONNREFUSED 127.0.0.1:2727[39m
2021-07-21 12:12:17 [33mwarn[39m: [33mconnection error[39m
2021-07-21 12:31:44 [34minfo[39m: [34mServer is running on port 4000[39m
2021-07-21 12:32:14 [34minfo[39m: [34mMongoose connection is disconnected.[39m
2021-07-21 12:32:14 [31merror[39m: [31mCan not Connect MongooseServerSelectionError: connect ECONNREFUSED 127.0.0.1:2727[39m
2021-07-21 12:32:14 [33mwarn[39m: [33mconnection error[39m
2021-07-21 12:33:03 [34minfo[39m: [34mServer is running on port 4000[39m
2021-07-21 12:33:03 [34minfo[39m: [34mMongoose server listening[39m
2021-07-21 12:33:49 [34minfo[39m: [34mServer is running on port 4000[39m
2021-07-21 12:33:49 [34minfo[39m: [34mMongoose server listening[39m
2021-07-21 12:34:56 [33mwarn[39m: [33mServer is running on port 4000[39m
2021-07-21 12:34:56 [34minfo[39m: [34mMongoose server listening[39m
2021-07-21 12:35:12 [33mwarn[39m: [33mServer is running on port 4000[39m
2021-07-21 12:35:33 [34minfo[39m: [34mServer is running on port 4000[39m
2021-07-21 12:35:33 [34minfo[39m: [34mMongoose server listening[39m
2021-07-21 12:37:43 [31merror[39m: [31mNotFoundError: Not Found[39m
[31m    at C:\Users\dell\Desktop\ngo\orvide\src\server.js:29:20[39m
[31m    at Layer.handle [as handle_request] (C:\Users\dell\Desktop\ngo\orvide\node_modules\express\lib\router\layer.js:95:5)[39m
[31m    at trim_prefix (C:\Users\dell\Desktop\ngo\orvide\node_modules\express\lib\router\index.js:317:13)[39m
[31m    at C:\Users\dell\Desktop\ngo\orvide\node_modules\express\lib\router\index.js:284:7[39m
[31m    at Function.process_params (C:\Users\dell\Desktop\ngo\orvide\node_modules\express\lib\router\index.js:335:12)[39m
[31m    at Immediate.next (C:\Users\dell\Desktop\ngo\orvide\node_modules\express\lib\router\index.js:275:10)[39m
[31m    at Immediate._onImmediate (C:\Users\dell\Desktop\ngo\orvide\node_modules\express\lib\router\index.js:635:15)[39m
[31m    at processImmediate (internal/timers.js:463:21)[39m
2021-07-21 12:37:43 [35mhttp[39m: [35mPOST /api/auth/createOrg 500 1917 - 28.483 ms[39m
[35m[39m
2021-07-21 12:39:46 [34minfo[39m: [34mServer is running on port 4000[39m
2021-07-21 12:39:47 [34minfo[39m: [34mMongoose server listening[39m
2021-07-21 12:39:54 [34minfo[39m: [34mServer is running on port 4000[39m
2021-07-21 12:39:54 [34minfo[39m: [34mMongoose server listening[39m
2021-07-21 12:40:00 [31merror[39m: [31mNotFoundError: Not Found[39m
[31m    at C:\Users\dell\Desktop\ngo\orvide\src\server.js:29:20[39m
[31m    at Layer.handle [as handle_request] (C:\Users\dell\Desktop\ngo\orvide\node_modules\express\lib\router\layer.js:95:5)[39m
[31m    at trim_prefix (C:\Users\dell\Desktop\ngo\orvide\node_modules\express\lib\router\index.js:317:13)[39m
[31m    at C:\Users\dell\Desktop\ngo\orvide\node_modules\express\lib\router\index.js:284:7[39m
[31m    at Function.process_params (C:\Users\dell\Desktop\ngo\orvide\node_modules\express\lib\router\index.js:335:12)[39m
[31m    at Immediate.next (C:\Users\dell\Desktop\ngo\orvide\node_modules\express\lib\router\index.js:275:10)[39m
[31m    at Immediate._onImmediate (C:\Users\dell\Desktop\ngo\orvide\node_modules\express\lib\router\index.js:635:15)[39m
[31m    at processImmediate (internal/timers.js:463:21)[39m
2021-07-21 12:40:00 [35mhttp[39m: [35mPOST /api/auth/createOrg 404 66 - 32.400 ms[39m
[35m[39m
2021-07-21 12:40:00 [31merror[39m: [31mNot Found[39m
2021-07-21 12:40:48 [34minfo[39m: [34mServer is running on port 4000[39m
2021-07-21 12:40:48 [34minfo[39m: [34mMongoose server listening[39m
2021-07-21 12:40:50 [31merror[39m: [31mNot Found[39m
2021-07-21 12:40:50 [35mhttp[39m: [35mPOST /api/auth/createOrg 404 66 - 30.663 ms[39m
[35m[39m
2021-07-21 12:42:10 [34minfo[39m: [34mServer is running on port 4000[39m
2021-07-21 12:42:10 [34minfo[39m: [34mMongoose server listening[39m
2021-07-21 12:42:12 [31merror[39m: [31mNotFoundError: Not Found[39m
[31m    at C:\Users\dell\Desktop\ngo\orvide\src\server.js:29:20[39m
[31m    at Layer.handle [as handle_request] (C:\Users\dell\Desktop\ngo\orvide\node_modules\express\lib\router\layer.js:95:5)[39m
[31m    at trim_prefix (C:\Users\dell\Desktop\ngo\orvide\node_modules\express\lib\router\index.js:317:13)[39m
[31m    at C:\Users\dell\Desktop\ngo\orvide\node_modules\express\lib\router\index.js:284:7[39m
[31m    at Function.process_params (C:\Users\dell\Desktop\ngo\orvide\node_modules\express\lib\router\index.js:335:12)[39m
[31m    at Immediate.next (C:\Users\dell\Desktop\ngo\orvide\node_modules\express\lib\router\index.js:275:10)[39m
[31m    at Immediate._onImmediate (C:\Users\dell\Desktop\ngo\orvide\node_modules\express\lib\router\index.js:635:15)[39m
[31m    at processImmediate (internal/timers.js:463:21)[39m
2021-07-21 12:42:12 [35mhttp[39m: [35mPOST /api/auth/createOrg 404 46 - 41.744 ms[39m
[35m[39m
2021-07-21 12:42:39 [34minfo[39m: [34mMongoose connection is disconnected.[39m
2021-07-21 12:42:58 [34minfo[39m: [34mServer is running on port 4000[39m
2021-07-21 12:43:28 [34minfo[39m: [34mMongoose connection is disconnected.[39m
2021-07-21 12:43:28 [31merror[39m: [31mCan not Connect MongooseServerSelectionError: connect ECONNREFUSED 127.0.0.1:2727[39m
2021-07-21 12:43:28 [33mwarn[39m: [33mconnection error[39m
2021-07-21 12:43:38 [31merror[39m: [31m{ code: 'NT', value: 'no token' }[39m
2021-07-21 12:43:38 [35mhttp[39m: [35mPOST /api/org/createOrg 400 90 - 97.844 ms[39m
[35m[39m
2021-07-21 12:45:24 [34minfo[39m: [34mServer is running on port 4000[39m
2021-07-21 12:45:34 [31merror[39m: [31m{ code: 'NT', value: 'no token' }[39m
2021-07-21 12:45:34 [35mhttp[39m: [35mPOST /api/org/createOrg 400 67 - 25.560 ms[39m
[35m[39m
2021-07-21 12:45:53 [34minfo[39m: [34mMongoose connection is disconnected.[39m
2021-07-21 12:45:53 [31merror[39m: [31mCan not Connect MongooseServerSelectionError: connect ECONNREFUSED 127.0.0.1:2727[39m
2021-07-21 12:45:53 [33mwarn[39m: [33mconnection error[39m
2021-07-21 13:12:53 [34minfo[39m: [34mServer is running on port 4000[39m
2021-07-21 13:13:08 [31merror[39m: [31m{ code: 'NT', value: 'no token' }[39m
2021-07-21 13:13:08 [35mhttp[39m: [35mPOST /api/org/createOrg 400 67 - 47.305 ms[39m
[35m[39m
2021-07-21 13:13:22 [34minfo[39m: [34mMongoose connection is disconnected.[39m
2021-07-21 13:13:22 [31merror[39m: [31mCan not Connect MongooseServerSelectionError: connect ECONNREFUSED 127.0.0.1:2727[39m
2021-07-21 13:13:22 [33mwarn[39m: [33mconnection error[39m
