{"level":"error"}
{"timestamp":"Tue Jul 20 2021 10:53:40 GMT+0530 (India Standard Time)","method":"POST","url":"/api/auth/login","status":200,"contentLength":"11","responseTime":75.162,"level":"info","message":"HTTP Access Log"}
{"message":"Server is running on port 4000","level":"info"}
{"message":"Mongoose connection is disconnected.","level":"info"}
{"message":"Can not Connect MongooseServerSelectionError: connect ECONNREFUSED 127.0.0.1:2727","level":"error"}
{"message":"connection error","level":"warn"}
{"message":"Server is running on port 4000","level":"info"}
{"message":"Mongoose connection is disconnected.","level":"info"}
{"message":"Can not Connect MongooseServerSelectionError: connect ECONNREFUSED 127.0.0.1:2727","level":"error"}
{"message":"connection error","level":"warn"}
{"message":"Rejection  MongooseError: Operation `usermetas.findOne()` buffering timed out after 10000ms","level":"error"}
{"message":"Server is running on port 4000","level":"info"}
{"message":"Can not Connect ReferenceError: config is not defined","level":"error"}
{"message":"Server is running on port 4000","level":"info"}
{"message":"}","level":"info"}
{"message":"Server is running on port 4000","level":"info"}
{"message":"Mongoose server listening","level":"info"}
{"timestamp":"Wed Jul 21 2021 11:28:46 GMT+0530 (India Standard Time)","method":"POST","url":"/api/auth/login","status":200,"contentLength":"11","responseTime":76.673,"level":"info","message":"HTTP Access Log"}
{"message":"Server is running on port 4000","level":"info"}
{"message":"Mongoose server listening","level":"info"}
